<?xml version="1.0" encoding="UTF-8"?>
<!-- Generated by org.testng.reporters.JUnitReportReporter -->
<testsuite skipped="0" hostname="SrinivasComputor" name="com.crm.qa.testcases.HomePageTest" tests="3" failures="0" timestamp="11 Mar 2018 08:00:13 GMT" time="45.944" errors="0">
  <testcase name="verifyHomePageTitleTest" time="14.691" classname="com.crm.qa.testcases.HomePageTest"/>
  <testcase name="verifyUserNameTest" time="14.918" classname="com.crm.qa.testcases.HomePageTest"/>
  <testcase name="verifyContactsLinkTest" time="16.335" classname="com.crm.qa.testcases.HomePageTest"/>
</testsuite> <!-- com.crm.qa.testcases.HomePageTest -->
