<?xml version="1.0" encoding="UTF-8"?>
<!-- Generated by org.testng.reporters.JUnitReportReporter -->
<testsuite skipped="0" hostname="SrinivasComputor" name="com.crm.qa.testcases.LoginPageTest" tests="3" failures="0" timestamp="11 Mar 2018 08:00:13 GMT" time="45.513" errors="0">
  <testcase name="loginPageTitleTest" time="21.840" classname="com.crm.qa.testcases.LoginPageTest"/>
  <testcase name="crmLogoImageTest" time="9.501" classname="com.crm.qa.testcases.LoginPageTest"/>
  <testcase name="loginTest" time="14.172" classname="com.crm.qa.testcases.LoginPageTest"/>
</testsuite> <!-- com.crm.qa.testcases.LoginPageTest -->
